-------------------------------------------------------------------------------
Test set: com.example.demo.Demo2ApplicationTests
-------------------------------------------------------------------------------
Tests run: 1, Failures: 0, Errors: 1, Skipped: 0, Time elapsed: 6.324 s <<< FAILURE! - in com.example.demo.Demo2ApplicationTests
contextLoads  Time elapsed: 0.002 s  <<< ERROR!
java.lang.IllegalStateException: Failed to load ApplicationContext
Caused by: org.springframework.beans.factory.UnsatisfiedDependencyException: Error creating bean with name 'candidateController' defined in file [C:\work\dev\demo2\target\classes\com\example\demo\api\controller\CandidateController.class]: Unsatisfied dependency expressed through constructor parameter 0; nested exception is org.springframework.beans.factory.UnsatisfiedDependencyException: Error creating bean with name 'candidateServiceImp' defined in file [C:\work\dev\demo2\target\classes\com\example\demo\business\concreates\CandidateServiceImp.class]: Unsatisfied dependency expressed through constructor parameter 1; nested exception is org.springframework.beans.factory.BeanCreationException: Error creating bean with name 'experienceRepo' defined in com.example.demo.repositories.ExperienceRepo defined in @EnableJpaRepositories declared on JpaRepositoriesRegistrar.EnableJpaRepositoriesConfiguration: Invocation of init method failed; nested exception is org.springframework.data.repository.query.QueryCreationException: Could not create query for public abstract java.util.List com.example.demo.repositories.ExperienceRepo.findByCandidateId(java.lang.Integer)! Reason: Failed to create query for method public abstract java.util.List com.example.demo.repositories.ExperienceRepo.findByCandidateId(java.lang.Integer)! No property 'candidateId' found for type 'ExperienceEntity'!; nested exception is java.lang.IllegalArgumentException: Failed to create query for method public abstract java.util.List com.example.demo.repositories.ExperienceRepo.findByCandidateId(java.lang.Integer)! No property 'candidateId' found for type 'ExperienceEntity'!
Caused by: org.springframework.beans.factory.UnsatisfiedDependencyException: Error creating bean with name 'candidateServiceImp' defined in file [C:\work\dev\demo2\target\classes\com\example\demo\business\concreates\CandidateServiceImp.class]: Unsatisfied dependency expressed through constructor parameter 1; nested exception is org.springframework.beans.factory.BeanCreationException: Error creating bean with name 'experienceRepo' defined in com.example.demo.repositories.ExperienceRepo defined in @EnableJpaRepositories declared on JpaRepositoriesRegistrar.EnableJpaRepositoriesConfiguration: Invocation of init method failed; nested exception is org.springframework.data.repository.query.QueryCreationException: Could not create query for public abstract java.util.List com.example.demo.repositories.ExperienceRepo.findByCandidateId(java.lang.Integer)! Reason: Failed to create query for method public abstract java.util.List com.example.demo.repositories.ExperienceRepo.findByCandidateId(java.lang.Integer)! No property 'candidateId' found for type 'ExperienceEntity'!; nested exception is java.lang.IllegalArgumentException: Failed to create query for method public abstract java.util.List com.example.demo.repositories.ExperienceRepo.findByCandidateId(java.lang.Integer)! No property 'candidateId' found for type 'ExperienceEntity'!
Caused by: org.springframework.beans.factory.BeanCreationException: Error creating bean with name 'experienceRepo' defined in com.example.demo.repositories.ExperienceRepo defined in @EnableJpaRepositories declared on JpaRepositoriesRegistrar.EnableJpaRepositoriesConfiguration: Invocation of init method failed; nested exception is org.springframework.data.repository.query.QueryCreationException: Could not create query for public abstract java.util.List com.example.demo.repositories.ExperienceRepo.findByCandidateId(java.lang.Integer)! Reason: Failed to create query for method public abstract java.util.List com.example.demo.repositories.ExperienceRepo.findByCandidateId(java.lang.Integer)! No property 'candidateId' found for type 'ExperienceEntity'!; nested exception is java.lang.IllegalArgumentException: Failed to create query for method public abstract java.util.List com.example.demo.repositories.ExperienceRepo.findByCandidateId(java.lang.Integer)! No property 'candidateId' found for type 'ExperienceEntity'!
Caused by: org.springframework.data.repository.query.QueryCreationException: Could not create query for public abstract java.util.List com.example.demo.repositories.ExperienceRepo.findByCandidateId(java.lang.Integer)! Reason: Failed to create query for method public abstract java.util.List com.example.demo.repositories.ExperienceRepo.findByCandidateId(java.lang.Integer)! No property 'candidateId' found for type 'ExperienceEntity'!; nested exception is java.lang.IllegalArgumentException: Failed to create query for method public abstract java.util.List com.example.demo.repositories.ExperienceRepo.findByCandidateId(java.lang.Integer)! No property 'candidateId' found for type 'ExperienceEntity'!
Caused by: java.lang.IllegalArgumentException: Failed to create query for method public abstract java.util.List com.example.demo.repositories.ExperienceRepo.findByCandidateId(java.lang.Integer)! No property 'candidateId' found for type 'ExperienceEntity'!
Caused by: org.springframework.data.mapping.PropertyReferenceException: No property 'candidateId' found for type 'ExperienceEntity'!

